<?xml version="1.0" encoding="UTF-8"?>
<!-- Generated by org.testng.reporters.JUnitReportReporter -->
<testsuite skipped="0" hostname="LAPTOP-KVHSCQRU" name="getAPITests.IntigralAPITests" tests="6" failures="0" timestamp="08 Apr 2021 18:33:13 GMT" time="7.248" errors="0">
  <testcase name="verifyGetResponseLocalizedText" time="0.517" classname="getAPITests.IntigralAPITests"/>
  <testcase name="verifySuccessStatusResponseCode" time="0.483" classname="getAPITests.IntigralAPITests"/>
  <testcase name="verifyFailResponseDetails" time="3.354" classname="getAPITests.IntigralAPITests"/>
  <testcase name="verifyGetResponseKeys" time="1.800" classname="getAPITests.IntigralAPITests"/>
  <testcase name="verifyFailResponseStatus" time="0.315" classname="getAPITests.IntigralAPITests"/>
  <testcase name="verifyGetAPIResponseContents" time="0.779" classname="getAPITests.IntigralAPITests"/>
</testsuite> <!-- getAPITests.IntigralAPITests -->
