<?xml version="1.0" encoding="UTF-8"?>
<!-- Generated by org.testng.reporters.JUnitReportReporter -->
<testsuite skipped="0" hostname="LAPTOP-KVHSCQRU" name="stepDefinition.IntigralAPITests" tests="5" failures="0" timestamp="08 Apr 2021 10:22:28 GMT" time="4.663" errors="0">
  <testcase name="verifyGetAPIResponseContents" time="2.744" classname="stepDefinition.IntigralAPITests"/>
  <testcase name="verifyResponseDetailsWithInvalidKey" time="0.327" classname="stepDefinition.IntigralAPITests"/>
  <testcase name="verifyGetResponseKeys" time="0.595" classname="stepDefinition.IntigralAPITests"/>
  <testcase name="verifyGetResponseStatus" time="0.641" classname="stepDefinition.IntigralAPITests"/>
  <testcase name="verifyResponseStatusWithInvalidKey" time="0.356" classname="stepDefinition.IntigralAPITests"/>
</testsuite> <!-- stepDefinition.IntigralAPITests -->
